#set($xsdName = ${extensionName.toLowerCase().replaceAll("(?i)extension", "").replaceAll("(?i)connector", "").trim().replace(" ", "-").replaceAll("-$", "")})
<mule xmlns="http://www.mulesoft.org/schema/mule/core"
      xmlns:xsi="http://www.w3.org/2001/XMLSchema-instance"
      xmlns:$xsdName="http://www.mulesoft.org/schema/mule/$xsdName"
      xsi:schemaLocation="http://www.mulesoft.org/schema/mule/core http://www.mulesoft.org/schema/mule/core/current/mule.xsd
          http://www.mulesoft.org/schema/mule/$xsdName http://www.mulesoft.org/schema/mule/${xsdName}/current/mule-${xsdName}.xsd">

    <$xsdName:config name="config" configId="configId">
        <$xsdName:connection requiredParameter="aValue" />
    </$xsdName:config>

    <flow name="sayHiFlow">
        <$xsdName:say-hi person="Mariano Gonzalez"/>
    </flow>

    <flow name="retrieveInfoFlow">
        <$xsdName:retrieve-info config-ref="config"/>
    </flow>

</mule>
